Done loading data from cached files.
[031mexp1[0m 

epoch 0, loss 2.6788, valid acc 0.8583
1st training LR score:0.8585726718885988
start training...
epoch 0, loss 0.8108, valid acc 0.8583
epoch 1, loss 0.5388, valid acc 0.8583
tensor([ 0.0148, -0.0078, -0.0271, -0.0085,  0.0080, -0.0169,  0.0092, -0.0194,
        -0.0249, -0.0075,  0.0278,  0.0302,  0.0290,  0.0218,  0.0213, -0.0092,
         0.0293,  0.0261,  0.0076, -0.0191,  0.0304, -0.0223, -0.0184, -0.0287,
        -0.0244,  0.0133,  0.0125, -0.0118,  0.0065, -0.0180,  0.0296, -0.0031],
       device='cuda:0', grad_fn=<SelectBackward0>)
tensor([-0.0040,  0.0253,  0.0294, -0.0280,  0.0186, -0.0099, -0.0113,  0.0187,
        -0.0101,  0.0302,  0.0293,  0.0162,  0.0090, -0.0148, -0.0282,  0.0239,
        -0.0268,  0.0231,  0.0107,  0.0016,  0.0244, -0.0254,  0.0101, -0.0212,
        -0.0219, -0.0071, -0.0084, -0.0103, -0.0210,  0.0066,  0.0266, -0.0078],
       device='cuda:0', grad_fn=<SelectBackward0>)
[031mLR score: 0.8586,0.5231[0m 

[031mexp2[0m 

epoch 0, loss 2.6777, valid acc 0.8583
1st training LR score:0.8585726718885988
start training...
epoch 0, loss 0.7720, valid acc 0.8583
epoch 1, loss 0.5156, valid acc 0.8583
tensor([-0.0002,  0.0312,  0.0168,  0.0093,  0.0305, -0.0110,  0.0221, -0.0077,
        -0.0061, -0.0100, -0.0255,  0.0201,  0.0112,  0.0102,  0.0060,  0.0270,
        -0.0227,  0.0117,  0.0207,  0.0251, -0.0016, -0.0209,  0.0030, -0.0253,
        -0.0055, -0.0155,  0.0254, -0.0231,  0.0079,  0.0026, -0.0245, -0.0045],
       device='cuda:0', grad_fn=<SelectBackward0>)
tensor([ 1.1478e-02,  3.9740e-03, -2.4929e-02,  2.3011e-05, -9.3343e-03,
         1.1078e-02, -3.6082e-03, -5.7305e-03,  1.0464e-02, -6.9602e-03,
         2.5309e-02, -2.9153e-02,  2.0989e-02, -2.0492e-02,  4.4748e-05,
         1.2458e-02,  2.8739e-02,  2.8214e-02, -1.7102e-03, -1.3734e-02,
         2.7608e-02, -8.6958e-04, -1.3690e-02, -9.5218e-03,  7.9119e-03,
         1.3745e-02, -1.4593e-02,  1.1743e-03, -2.1468e-02,  8.6100e-03,
         2.2261e-02,  1.1848e-02], device='cuda:0', grad_fn=<SelectBackward0>)
[031mLR score: 0.8586,0.6609[0m 

[031mexp3[0m 

epoch 0, loss 2.6253, valid acc 0.8583
1st training LR score:0.8584638816362054
start training...
epoch 0, loss 0.7660, valid acc 0.8583
epoch 1, loss 0.5716, valid acc 0.8583
tensor([-0.0270,  0.0114,  0.0136, -0.0158,  0.0060,  0.0263,  0.0023,  0.0006,
        -0.0180,  0.0162,  0.0117,  0.0212,  0.0058,  0.0020, -0.0228,  0.0231,
         0.0038, -0.0245, -0.0125, -0.0306,  0.0080, -0.0212,  0.0130,  0.0150,
        -0.0300, -0.0104, -0.0301,  0.0041, -0.0007,  0.0165,  0.0094,  0.0248],
       device='cuda:0', grad_fn=<SelectBackward0>)
tensor([-1.5702e-02,  1.3046e-04,  1.9329e-02, -2.6279e-02, -8.5602e-04,
         2.8034e-02,  5.4301e-03,  2.5146e-02, -3.3566e-03, -1.9566e-02,
        -6.4069e-03, -2.0977e-02,  2.0128e-02, -9.8114e-03, -1.5168e-02,
        -2.2686e-02, -9.4715e-04,  2.6005e-02, -2.5555e-02, -2.3574e-02,
        -2.8822e-02, -2.4872e-02, -2.9744e-02,  3.7106e-03, -2.2121e-02,
        -2.8557e-03, -1.1318e-02, -7.4011e-03,  2.7452e-03, -2.1418e-02,
         5.0079e-05, -1.2279e-02], device='cuda:0', grad_fn=<SelectBackward0>)
[031mLR score: 0.8585,0.7687[0m 

[031mexp4[0m 

epoch 0, loss 2.6480, valid acc 0.8583
1st training LR score:0.8587902523933856
start training...
epoch 0, loss 0.7480, valid acc 0.8583
epoch 1, loss 0.5906, valid acc 0.8583
tensor([-0.0102,  0.0079, -0.0028,  0.0107,  0.0205, -0.0232,  0.0154,  0.0143,
         0.0299, -0.0194,  0.0281,  0.0264,  0.0294, -0.0274,  0.0214, -0.0209,
         0.0010,  0.0243,  0.0160,  0.0272, -0.0017,  0.0092,  0.0263,  0.0210,
         0.0132,  0.0162,  0.0220, -0.0278,  0.0162,  0.0170,  0.0002, -0.0098],
       device='cuda:0', grad_fn=<SelectBackward0>)
tensor([-0.0108,  0.0115,  0.0156, -0.0277, -0.0231, -0.0303,  0.0135, -0.0091,
         0.0208, -0.0056, -0.0160, -0.0126, -0.0140,  0.0292,  0.0196, -0.0200,
        -0.0106,  0.0084, -0.0038,  0.0216, -0.0166,  0.0187, -0.0174,  0.0219,
        -0.0025, -0.0268,  0.0185, -0.0258,  0.0134, -0.0120,  0.0179,  0.0057],
       device='cuda:0', grad_fn=<SelectBackward0>)
[031mLR score: 0.8588,0.5649[0m 

[031mexp5[0m 

epoch 0, loss 2.3965, valid acc 0.8583
1st training LR score:0.8584638816362054
start training...
epoch 0, loss 0.7706, valid acc 0.8583
epoch 1, loss 0.5458, valid acc 0.8583
tensor([-0.0005, -0.0041, -0.0113,  0.0208,  0.0126,  0.0212, -0.0054,  0.0071,
        -0.0071, -0.0219,  0.0126,  0.0033,  0.0301,  0.0094, -0.0221, -0.0204,
        -0.0289, -0.0197,  0.0113,  0.0250, -0.0054,  0.0171,  0.0151, -0.0287,
        -0.0242, -0.0304,  0.0122, -0.0231, -0.0109, -0.0159,  0.0166, -0.0008],
       device='cuda:0', grad_fn=<SelectBackward0>)
tensor([ 0.0231,  0.0271,  0.0065,  0.0151, -0.0290,  0.0126,  0.0091, -0.0235,
        -0.0074, -0.0171,  0.0102,  0.0214,  0.0291,  0.0065, -0.0290,  0.0040,
         0.0301,  0.0102,  0.0072,  0.0207, -0.0287,  0.0094,  0.0305, -0.0009,
        -0.0218, -0.0102, -0.0175, -0.0224,  0.0242, -0.0046, -0.0263, -0.0174],
       device='cuda:0', grad_fn=<SelectBackward0>)
[031mLR score: 0.8585,0.8313[0m 

[031mexp6[0m 

epoch 0, loss 2.6416, valid acc 0.8583
1st training LR score:0.8585726718885988
start training...
epoch 0, loss 0.8089, valid acc 0.8583
epoch 1, loss 0.5243, valid acc 0.8583
tensor([-0.0037, -0.0018,  0.0067,  0.0170,  0.0068,  0.0230, -0.0247,  0.0273,
        -0.0092,  0.0079,  0.0147,  0.0182,  0.0051,  0.0027, -0.0135, -0.0034,
        -0.0130,  0.0217, -0.0145,  0.0003, -0.0154, -0.0185,  0.0154,  0.0010,
        -0.0101, -0.0036,  0.0049, -0.0270, -0.0033, -0.0102, -0.0119, -0.0251],
       device='cuda:0', grad_fn=<SelectBackward0>)
tensor([ 0.0137, -0.0118, -0.0119, -0.0094,  0.0170,  0.0157, -0.0028, -0.0242,
         0.0010, -0.0200, -0.0061,  0.0134,  0.0020, -0.0032,  0.0239, -0.0084,
        -0.0145, -0.0237, -0.0266, -0.0263,  0.0218,  0.0271, -0.0076, -0.0016,
        -0.0267, -0.0262, -0.0056, -0.0142, -0.0307,  0.0290,  0.0300,  0.0103],
       device='cuda:0', grad_fn=<SelectBackward0>)
[031mLR score: 0.8586,0.8170[0m 

[031mexp7[0m 

epoch 0, loss 2.6870, valid acc 0.8583
1st training LR score:0.8585726718885988
start training...
epoch 0, loss 0.8114, valid acc 0.8583
epoch 1, loss 0.5902, valid acc 0.8583
tensor([-2.5007e-02,  3.4328e-03, -3.0218e-02, -2.2894e-03,  1.8263e-02,
         2.3266e-02, -1.5375e-02, -7.1934e-03, -2.0597e-02,  2.2285e-02,
        -2.1971e-02,  2.2864e-02,  6.8706e-05,  7.5499e-03, -9.1118e-04,
        -1.1545e-02, -2.7148e-02, -2.9426e-02, -2.1235e-02,  3.3209e-03,
         4.6622e-03,  6.3479e-03,  1.8787e-02, -7.6911e-03,  2.7036e-02,
        -3.4918e-03,  1.4588e-02, -2.7263e-03,  1.2149e-02,  2.5139e-02,
         1.7018e-03,  2.5452e-03], device='cuda:0', grad_fn=<SelectBackward0>)
tensor([ 0.0159,  0.0187,  0.0074, -0.0253,  0.0225,  0.0189, -0.0311, -0.0198,
         0.0169,  0.0169,  0.0245, -0.0256, -0.0288, -0.0034, -0.0096, -0.0131,
        -0.0169,  0.0028,  0.0128, -0.0085,  0.0076,  0.0122, -0.0118, -0.0071,
         0.0060, -0.0031,  0.0101, -0.0282,  0.0039,  0.0145, -0.0251,  0.0256],
       device='cuda:0', grad_fn=<SelectBackward0>)
[031mLR score: 0.8586,0.3598[0m 

[031mexp8[0m 

epoch 0, loss 2.3261, valid acc 0.8583
1st training LR score:0.8585726718885988
start training...
epoch 0, loss 0.7770, valid acc 0.8583
epoch 1, loss 0.5494, valid acc 0.8583
tensor([ 0.0291,  0.0022, -0.0275, -0.0296, -0.0043,  0.0032,  0.0062, -0.0202,
         0.0041,  0.0237, -0.0036, -0.0155,  0.0277, -0.0032, -0.0066, -0.0195,
         0.0002, -0.0297, -0.0059,  0.0143, -0.0115, -0.0135,  0.0083, -0.0005,
        -0.0178, -0.0014,  0.0078, -0.0040,  0.0213,  0.0193,  0.0241,  0.0053],
       device='cuda:0', grad_fn=<SelectBackward0>)
tensor([ 0.0228, -0.0117, -0.0017,  0.0209, -0.0295,  0.0069, -0.0307, -0.0131,
        -0.0088,  0.0133,  0.0031, -0.0018,  0.0282,  0.0236,  0.0204,  0.0298,
         0.0115,  0.0165,  0.0158,  0.0264,  0.0167,  0.0257, -0.0028,  0.0044,
        -0.0057, -0.0054,  0.0154, -0.0105,  0.0166,  0.0143,  0.0245, -0.0087],
       device='cuda:0', grad_fn=<SelectBackward0>)
[031mLR score: 0.8586,0.8586[0m 

[031mexp9[0m 

epoch 0, loss 2.6662, valid acc 0.8583
1st training LR score:0.8587902523933856
start training...
epoch 0, loss 0.7456, valid acc 0.8583
epoch 1, loss 0.5609, valid acc 0.8583
tensor([-0.0207, -0.0137,  0.0020,  0.0240,  0.0055,  0.0015,  0.0027, -0.0108,
         0.0080, -0.0291,  0.0146, -0.0017,  0.0152, -0.0020,  0.0040, -0.0017,
         0.0059,  0.0278,  0.0213, -0.0076, -0.0147,  0.0022,  0.0072,  0.0252,
         0.0287, -0.0141, -0.0027, -0.0273,  0.0026, -0.0164, -0.0080,  0.0099],
       device='cuda:0', grad_fn=<SelectBackward0>)
tensor([ 6.4165e-03, -6.9711e-03, -1.2126e-02, -9.7156e-03, -2.4607e-02,
        -8.7050e-03, -2.9944e-02, -2.1359e-02, -1.0312e-02, -2.0690e-02,
         2.8795e-02,  1.6564e-02, -2.5426e-02, -1.5759e-02, -2.1117e-02,
         1.8316e-02,  1.0120e-02,  1.0499e-02,  5.5892e-03,  2.0305e-04,
        -2.6909e-02, -2.6226e-05, -1.0317e-02,  2.6394e-02,  1.4553e-02,
        -2.8055e-02,  1.8654e-02,  2.3350e-02,  2.9069e-02, -1.5453e-02,
        -1.2822e-02, -2.0701e-03], device='cuda:0', grad_fn=<SelectBackward0>)
[031mLR score: 0.8588,0.7771[0m 

[031mexp10[0m 

epoch 0, loss 2.7159, valid acc 0.8583
1st training LR score:0.8585726718885988
start training...
epoch 0, loss 0.7754, valid acc 0.8583
epoch 1, loss 0.5620, valid acc 0.8583
tensor([ 0.0093,  0.0081,  0.0097,  0.0118, -0.0071, -0.0104,  0.0071, -0.0281,
        -0.0179,  0.0064,  0.0285, -0.0171,  0.0112, -0.0232,  0.0167,  0.0030,
         0.0015,  0.0261,  0.0243, -0.0251, -0.0302,  0.0305,  0.0242,  0.0020,
         0.0281,  0.0274, -0.0180,  0.0123, -0.0217, -0.0213, -0.0265,  0.0168],
       device='cuda:0', grad_fn=<SelectBackward0>)
tensor([ 0.0074,  0.0182,  0.0208,  0.0116,  0.0056, -0.0287,  0.0289, -0.0117,
        -0.0294, -0.0259, -0.0253, -0.0113,  0.0227, -0.0180,  0.0119, -0.0148,
        -0.0227, -0.0265,  0.0272,  0.0032,  0.0251, -0.0118, -0.0217, -0.0111,
        -0.0191, -0.0133, -0.0244, -0.0038,  0.0170,  0.0231, -0.0092,  0.0255],
       device='cuda:0', grad_fn=<SelectBackward0>)
[031mLR score: 0.8586,0.4372[0m 

++++++++++++++++++++++++++++++++++++++++
final: gap 0.1987(0.1693)
